<html>
<head>
<title>TestNG:  Different testng feature test</title>
<link href="../testng.css" rel="stylesheet" type="text/css" />
<link href="../my-testng.css" rel="stylesheet" type="text/css" />

<style type="text/css">
.log { display: none;} 
.stack-trace { display: none;} 
</style>
<script type="text/javascript">
<!--
function flip(e) {
  current = e.style.display;
  if (current == 'block') {
    e.style.display = 'none';
    return 0;
  }
  else {
    e.style.display = 'block';
    return 1;
  }
}

function toggleBox(szDivId, elem, msg1, msg2)
{
  var res = -1;  if (document.getElementById) {
    res = flip(document.getElementById(szDivId));
  }
  else if (document.all) {
    // this is the way old msie versions work
    res = flip(document.all[szDivId]);
  }
  if(elem) {
    if(res == 0) elem.innerHTML = msg1; else elem.innerHTML = msg2;
  }

}

function toggleAllBoxes() {
  if (document.getElementsByTagName) {
    d = document.getElementsByTagName('div');
    for (i = 0; i < d.length; i++) {
      if (d[i].className == 'log') {
        flip(d[i]);
      }
    }
  }
}

// -->
</script>

</head>
<body>
<h2 align='center'>Different testng feature test</h2><table border='1' align="center">
<tr>
<td>Tests passed/Failed/Skipped:</td><td>8/0/0</td>
</tr><tr>
<td>Started on:</td><td>Wed Nov 13 06:50:15 GMT 2019</td>
</tr>
<tr><td>Total time:</td><td>54 seconds (54723 ms)</td>
</tr><tr>
<td>Included groups:</td><td></td>
</tr><tr>
<td>Excluded groups:</td><td></td>
</tr>
</table><p/>
<small><i>(Hover the method name to see the test class name)</i></small><p/>
<table width='100%' border='1' class='invocation-passed'>
<tr><td colspan='4' align='center'><b>PASSED TESTS</b></td></tr>
<tr><td><b>Test method</b></td>
<td width="30%"><b>Exception</b></td>
<td width="10%"><b>Time (seconds)</b></td>
<td><b>Instance</b></td>
</tr>
<tr>
<td title='com.test.ExpectedExceptionsTest.divison()'><b>divison</b><br>Test class: com.test.ExpectedExceptionsTest</td>
<td><div><pre>java.lang.ArithmeticException: / by zero
	at com.test.ExpectedExceptionsTest.divison(ExpectedExceptionsTest.java:10)
	at java.util.ArrayList.forEach(ArrayList.java:1257)
... Removed 26 stack frames</pre></div><a href='#' onClick='toggleBox("stack-trace1648700617", this, "Click to show all stack frames", "Click to hide stack frames")'>Click to show all stack frames</a>
<div class='stack-trace' id='stack-trace1648700617'><pre>java.lang.ArithmeticException: / by zero
	at com.test.ExpectedExceptionsTest.divison(ExpectedExceptionsTest.java:10)
	at sun.reflect.NativeMethodAccessorImpl.invoke0(Native Method)
	at sun.reflect.NativeMethodAccessorImpl.invoke(NativeMethodAccessorImpl.java:62)
	at sun.reflect.DelegatingMethodAccessorImpl.invoke(DelegatingMethodAccessorImpl.java:43)
	at java.lang.reflect.Method.invoke(Method.java:498)
	at org.testng.internal.MethodInvocationHelper.invokeMethod(MethodInvocationHelper.java:133)
	at org.testng.internal.TestInvoker.invokeMethod(TestInvoker.java:584)
	at org.testng.internal.TestInvoker.invokeTestMethod(TestInvoker.java:172)
	at org.testng.internal.MethodRunner.runInSequence(MethodRunner.java:46)
	at org.testng.internal.TestInvoker$MethodInvocationAgent.invoke(TestInvoker.java:804)
	at org.testng.internal.TestInvoker.invokeTestMethods(TestInvoker.java:145)
	at org.testng.internal.TestMethodWorker.invokeTestMethods(TestMethodWorker.java:146)
	at org.testng.internal.TestMethodWorker.run(TestMethodWorker.java:128)
	at java.util.ArrayList.forEach(ArrayList.java:1257)
	at org.testng.TestRunner.privateRun(TestRunner.java:770)
	at org.testng.TestRunner.run(TestRunner.java:591)
	at org.testng.SuiteRunner.runTest(SuiteRunner.java:402)
	at org.testng.SuiteRunner.runSequentially(SuiteRunner.java:396)
	at org.testng.SuiteRunner.privateRun(SuiteRunner.java:355)
	at org.testng.SuiteRunner.run(SuiteRunner.java:304)
	at org.testng.SuiteRunnerWorker.runSuite(SuiteRunnerWorker.java:53)
	at org.testng.SuiteRunnerWorker.run(SuiteRunnerWorker.java:96)
	at org.testng.TestNG.runSuitesSequentially(TestNG.java:1180)
	at org.testng.TestNG.runSuitesLocally(TestNG.java:1102)
	at org.testng.TestNG.runSuites(TestNG.java:1032)
	at org.testng.TestNG.run(TestNG.java:1000)
	at org.testng.IDEARemoteTestNG.run(IDEARemoteTestNG.java:73)
	at org.testng.RemoteTestNGStarter.main(RemoteTestNGStarter.java:123)
</pre></div></td>
<td>0</td>
<td>com.test.ExpectedExceptionsTest@6acdbdf5</td></tr>
<tr>
<td title='com.test.GoogleTest.googleLogoTest()'><b>googleLogoTest</b><br>Test class: com.test.GoogleTest</td>
<td></td>
<td>0</td>
<td>com.test.GoogleTest@74650e52</td></tr>
<tr>
<td title='com.test.GoogleTitleAssertionTest.googleLogoTest()'><b>googleLogoTest</b><br>Test class: com.test.GoogleTitleAssertionTest</td>
<td></td>
<td>0</td>
<td>com.test.GoogleTitleAssertionTest@15d0c81b</td></tr>
<tr>
<td title='com.test.GoogleTest.googleTitleTest()'><b>googleTitleTest</b><br>Test class: com.test.GoogleTest</td>
<td></td>
<td>0</td>
<td>com.test.GoogleTest@74650e52</td></tr>
<tr>
<td title='com.test.GoogleTitleAssertionTest.googleTitleTest()'><b>googleTitleTest</b><br>Test class: com.test.GoogleTitleAssertionTest</td>
<td></td>
<td>0</td>
<td>com.test.GoogleTitleAssertionTest@15d0c81b</td></tr>
<tr>
<td title='com.test.GoogleTest.mailLinkTest()'><b>mailLinkTest</b><br>Test class: com.test.GoogleTest</td>
<td></td>
<td>0</td>
<td>com.test.GoogleTest@74650e52</td></tr>
<tr>
<td title='com.test.GoogleTest.test1()'><b>test1</b><br>Test class: com.test.GoogleTest</td>
<td></td>
<td>0</td>
<td>com.test.GoogleTest@74650e52</td></tr>
<tr>
<td title='com.test.GoogleTest.test2()'><b>test2</b><br>Test class: com.test.GoogleTest</td>
<td></td>
<td>0</td>
<td>com.test.GoogleTest@74650e52</td></tr>
</table><p>
</body>
</html>